<?xml version="1.0" encoding="UTF-8"?>
<testng-results ignored="0" total="2" passed="2" failed="0" skipped="0">
  <reporter-output>
  </reporter-output>
  <suite started-at="2025-03-29T12:16:03 IST" name="Default suite" finished-at="2025-03-29T12:16:04 IST" duration-ms="871">
    <groups>
    </groups>
    <test started-at="2025-03-29T12:16:03 IST" name="Default test" finished-at="2025-03-29T12:16:04 IST" duration-ms="871">
      <class name="Test_java.Apptest">
        <test-method signature="test1()[pri:0, instance:Test_java.Apptest@399f45b1]" started-at="2025-03-29T12:16:04 IST" name="test1" finished-at="2025-03-29T12:16:04 IST" duration-ms="239" status="PASS">
          <reporter-output>
          </reporter-output>
        </test-method> <!-- test1 -->
        <test-method signature="test2()[pri:0, instance:Test_java.Apptest@399f45b1]" started-at="2025-03-29T12:16:04 IST" name="test2" finished-at="2025-03-29T12:16:04 IST" duration-ms="25" status="PASS">
          <reporter-output>
          </reporter-output>
        </test-method> <!-- test2 -->
      </class> <!-- Test_java.Apptest -->
    </test> <!-- Default test -->
  </suite> <!-- Default suite -->
</testng-results>
